[2024-02-04T15:01:25.848Z] Add frame for command: /session/:sessionId/url => [url]
[2024-02-04T15:01:26.317Z] Add frame for command: /session/:sessionId/window/maximize => [maximize]
[2024-02-04T15:01:26.444Z] - Screenshot (frame: 0)
[2024-02-04T15:01:26.453Z] ffmpeg command: "/Users/shiva/Documents/WebDriverIO_Latest/WebDriverIO_Latest/node_modules/@ffmpeg-installer/darwin-x64/ffmpeg" -y -r 10 -i "/Users/shiva/Documents/WebDriverIO_Latest/WebDriverIO_Latest/reports/html-reports/screenshots/.video-reporter-screenshots/video-0-0-Verify-Title--FIREFOX--02-04-2024--20-31-25-033/%04d.png" -vcodec libvpx-vp9 -crf 32 -pix_fmt yuv420p -vf "scale=1200:trunc(ow/a/2)*2","setpts=3.0*PTS" "/Users/shiva/Documents/WebDriverIO_Latest/WebDriverIO_Latest/reports/html-reports/screenshots/video-0-0-Verify-Title--FIREFOX--02-04-2024--20-31-25-033.webm"
[2024-02-04T15:01:26.551Z] - Screenshot (frame: 1)
[2024-02-04T15:01:26.657Z] - Screenshot (frame: 2)
[2024-02-04T15:01:26.677Z] Add frame for command: /session/:sessionId/element/694536ee-9091-4290-b161-4a5b08c2adb9/clear => [clear]
[2024-02-04T15:01:26.749Z] Add frame for command: /session/:sessionId/element/694536ee-9091-4290-b161-4a5b08c2adb9/value => [value]
[2024-02-04T15:01:26.872Z] - Screenshot (frame: 0)
[2024-02-04T15:01:26.992Z] - Screenshot (frame: 1)
[2024-02-04T15:01:26.994Z] Add frame for command: /session/:sessionId/element/5c6c9940-5e0b-4f3e-a4a8-5bd5fe69adac/clear => [clear]
[2024-02-04T15:01:27.023Z] Add frame for command: /session/:sessionId/element/5c6c9940-5e0b-4f3e-a4a8-5bd5fe69adac/value => [value]
[2024-02-04T15:01:27.074Z] Generated video: "/Users/shiva/Documents/WebDriverIO_Latest/WebDriverIO_Latest/reports/html-reports/screenshots/video-0-0-Verify-Title--FIREFOX--02-04-2024--20-31-25-033.webm" (621ms)
[2024-02-04T15:01:27.116Z] - Screenshot (frame: 2)
[2024-02-04T15:01:27.204Z] - Screenshot (frame: 3)
[2024-02-04T15:01:27.447Z] Add frame for command: /session/:sessionId/element/9083c938-3f26-4784-aefb-5fdb759dd9e8/click => [click]
[2024-02-04T15:01:27.457Z] ffmpeg command: "/Users/shiva/Documents/WebDriverIO_Latest/WebDriverIO_Latest/node_modules/@ffmpeg-installer/darwin-x64/ffmpeg" -y -r 10 -i "/Users/shiva/Documents/WebDriverIO_Latest/WebDriverIO_Latest/reports/html-reports/screenshots/.video-reporter-screenshots/video-0-0-Verify-login-with-valid-credentails--FIREFOX--02-04-2024--20-31-26-457/%04d.png" -vcodec libvpx-vp9 -crf 32 -pix_fmt yuv420p -vf "scale=1200:trunc(ow/a/2)*2","setpts=3.0*PTS" "/Users/shiva/Documents/WebDriverIO_Latest/WebDriverIO_Latest/reports/html-reports/screenshots/video-0-0-Verify-login-with-valid-credentails--FIREFOX--02-04-2024--20-31-26-457.webm"
[2024-02-04T15:01:27.648Z] - Screenshot (frame: 4)
[2024-02-04T15:01:27.799Z] - Screenshot (frame: 5)
[2024-02-04T15:01:28.413Z] Generated video: "/Users/shiva/Documents/WebDriverIO_Latest/WebDriverIO_Latest/reports/html-reports/screenshots/video-0-0-Verify-login-with-valid-credentails--FIREFOX--02-04-2024--20-31-26-457.webm" (956ms)
[2024-02-04T15:01:28.456Z] Generated 2 videos, video report done!
